<?xml version="1.0" encoding="UTF-8"?>
<!-- Generated by org.testng.reporters.JUnitXMLReporter -->
<testsuite ignored="0" hostname="DESKTOP-60U4M33" failures="0" tests="1" name="BankingApp Test" time="1.948" errors="0" timestamp="11 Jan 2024 04:18:42 GMT">
  <testcase classname="com.inetbanking.baseTest.BaseClass" name="@BeforeClass setup" time="1.382">
    <failure type="java.lang.NoSuchMethodError" message="org.apache.commons.io.IOUtils.toString(Ljava/io/InputStream;Ljava/nio/charset/Charset;)Ljava/lang/String;">
      <![CDATA[java.lang.NoSuchMethodError: org.apache.commons.io.IOUtils.toString(Ljava/io/InputStream;Ljava/nio/charset/Charset;)Ljava/lang/String;
at io.github.bonigarcia.wdm.versions.VersionDetector.getProperties(VersionDetector.java:357)
at io.github.bonigarcia.wdm.versions.VersionDetector.getBrowserVersionFromTheShell(VersionDetector.java:256)
at io.github.bonigarcia.wdm.WebDriverManager.getBrowserVersionFromTheShell(WebDriverManager.java:1322)
at io.github.bonigarcia.wdm.WebDriverManager.detectBrowserVersion(WebDriverManager.java:1342)
at io.github.bonigarcia.wdm.WebDriverManager.resolveDriverVersion(WebDriverManager.java:1198)
at io.github.bonigarcia.wdm.WebDriverManager.manage(WebDriverManager.java:1148)
at io.github.bonigarcia.wdm.WebDriverManager.setup(WebDriverManager.java:425)
at com.inetbanking.baseTest.BaseClass.setup(BaseClass.java:56)
... Removed 26 stack frames]]>
    </failure>
  </testcase> <!-- @BeforeClass setup -->
  <testcase classname="com.inetbanking.baseTest.BaseClass" name="@AfterClass tearDown" time="0.0">
    <skipped/>
  </testcase> <!-- @AfterClass tearDown -->
  <testcase classname="com.inetbanking.testCases.TC_LoginTest_001" name="loginTest" time="0.0">
    <skipped/>
  </testcase> <!-- loginTest -->
</testsuite> <!-- BankingApp Test -->
