<?xml version="1.0" encoding="UTF-8"?>
<testng-results ignored="0" total="1" passed="1" failed="0" skipped="0">
  <reporter-output>
  </reporter-output>
  <suite started-at="2023-12-22T02:15:39Z" name="InetBankingV1" finished-at="2023-12-22T02:15:59Z" duration-ms="19360">
    <groups>
    </groups>
    <test started-at="2023-12-22T02:15:39Z" name="BankingApp Test" finished-at="2023-12-22T02:15:59Z" duration-ms="19360">
      <class name="com.inetbanking.testCases.TC_LoginTest_001">
        <test-method is-config="true" signature="setup(java.lang.String)[pri:0, instance:com.inetbanking.testCases.TC_LoginTest_001@10e31a9a]" started-at="2023-12-22T02:15:40Z" name="setup" finished-at="2023-12-22T02:15:55Z" duration-ms="15163" status="PASS">
          <params>
            <param index="0">
              <value>
                <![CDATA[chrome]]>
              </value>
            </param>
          </params>
          <reporter-output>
          </reporter-output>
        </test-method> <!-- setup -->
        <test-method signature="loginTest()[pri:0, instance:com.inetbanking.testCases.TC_LoginTest_001@10e31a9a]" started-at="2023-12-22T02:15:55Z" name="loginTest" finished-at="2023-12-22T02:15:58Z" duration-ms="2835" status="PASS">
          <reporter-output>
          </reporter-output>
        </test-method> <!-- loginTest -->
        <test-method is-config="true" signature="tearDown()[pri:0, instance:com.inetbanking.testCases.TC_LoginTest_001@10e31a9a]" started-at="2023-12-22T02:15:58Z" name="tearDown" finished-at="2023-12-22T02:15:59Z" duration-ms="616" status="PASS">
          <reporter-output>
          </reporter-output>
        </test-method> <!-- tearDown -->
      </class> <!-- com.inetbanking.testCases.TC_LoginTest_001 -->
    </test> <!-- BankingApp Test -->
  </suite> <!-- InetBankingV1 -->
</testng-results>
